<?xml version="1.0" encoding="UTF-8"?>
<testng-results skipped="0" failed="0" total="1" passed="1">
  <reporter-output>
  </reporter-output>
  <suite name="test.java.NewTest" duration-ms="94" started-at="2016-12-15T10:15:26Z" finished-at="2016-12-15T10:15:26Z">
    <groups>
    </groups>
    <test name="Command line test" duration-ms="94" started-at="2016-12-15T10:15:26Z" finished-at="2016-12-15T10:15:26Z">
      <class name="test.java.NewTest">
        <test-method status="PASS" signature="beforeMethod()[pri:0, instance:test.java.NewTest@3b81a1bc]" name="beforeMethod" is-config="true" duration-ms="28" started-at="2016-12-15T15:45:26Z" finished-at="2016-12-15T15:45:26Z">
          <reporter-output>
          </reporter-output>
        </test-method> <!-- beforeMethod -->
        <test-method status="PASS" signature="f()[pri:0, instance:test.java.NewTest@3b81a1bc]" name="f" duration-ms="3" started-at="2016-12-15T15:45:26Z" finished-at="2016-12-15T15:45:26Z">
          <reporter-output>
          </reporter-output>
        </test-method> <!-- f -->
        <test-method status="PASS" signature="afterMethod()[pri:0, instance:test.java.NewTest@3b81a1bc]" name="afterMethod" is-config="true" duration-ms="0" started-at="2016-12-15T15:45:26Z" finished-at="2016-12-15T15:45:26Z">
          <reporter-output>
          </reporter-output>
        </test-method> <!-- afterMethod -->
      </class> <!-- test.java.NewTest -->
    </test> <!-- Command line test -->
  </suite> <!-- test.java.NewTest -->
</testng-results>
